<?xml version="1.0" encoding="UTF-8"?>
<!-- Generated by org.testng.reporters.JUnitReportReporter -->
<testsuite hostname="eximacb022s-MacBook-Air.local" failures="0" tests="1" name="com.Ex2.testcases.LoginTest" time="19.595" errors="0" timestamp="2025-09-29T01:38:26 IST" skipped="0">
  <testcase classname="com.Ex2.testcases.LoginTest" name="loginTest" time="19.595"/>
</testsuite> <!-- com.Ex2.testcases.LoginTest -->
