<?xml version="1.0" encoding="UTF-8"?>
<!-- Generated by org.testng.reporters.JUnitReportReporter -->
<testsuite hostname="eximacb022s-MacBook-Air.local" failures="0" tests="1" name="com.Ex2.testcases.LoginTest" time="95.694" errors="0" timestamp="2025-09-29T10:32:23 IST" skipped="0">
  <testcase classname="com.Ex2.testcases.LoginTest" name="loginTest" time="95.694"/>
</testsuite> <!-- com.Ex2.testcases.LoginTest -->
